Vivado Simulator 2015.2
Time resolution is 1 ps
0000
0000
0000
0000
0000
0000
0000
0000
0000
0000
0000
a4af
aba3
aed2
ae59
ad01
a9cb
a23d
1898
18c6
0000
0000
0000
0000
0000
0000
0000
0000
0000
0000
0000
0000
0000
0000
0000
0000
0000
0000
a469
afba
b211
b1e4
2b50
34f3
3667
3304
2cfd
2668
0000
0000
0000
0000
0000
0000
0000
0000
0000
0000
0000
0000
0000
0000
0000
0000
0000
a4f6
af5f
b13b
2fdc
38ee
3ada
3aa1
3a9c
38c9
34c1
2d38
182c
0c95
0000
0000
0000
0000
0000
0000
0000
0000
0000
0000
0000
0000
0000
9b5a
a5a5
afaa
b11c
33a4
392b
3cb6
3de3
3e2a
3d2c
3c1e
36f3
3157
254c
1f8c
0000
0000
0000
0000
0000
0000
0000
0000
0000
0000
0000
0000
0000
ac28
b041
b0d9
3334
3997
3d8d
3ff2
4121
4171
40cb
4010
3d13
3927
3212
2985
0000
0000
0000
0000
0000
0000
0000
0000
0000
0000
0000
0000
a4af
b1af
ae8c
35b8
3ac1
3e4b
4021
4154
425d
431d
4230
41a7
4030
3cd2
34bc
2d43
0000
0000
0000
0000
0000
0000
0000
0000
0000
0000
0000
a469
afba
21f0
3530
3b0e
3e8d
4073
415a
4274
4303
42ff
41ae
4146
4074
3e32
386e
30d9
18c6
0000
0000
0000
0000
0000
0000
0000
0000
0000
a2fc
ade4
b10d
341d
3a4b
3ed4
4091
4132
41fe
427b
420a
418a
4089
4069
4095
406c
3d29
3743
258c
0000
0000
0000
0000
0000
0000
0000
0000
9925
adae
af65
32c8
3a81
3ea6
40b1
4178
420e
41a4
4139
40cd
405c
4023
4034
405e
4093
3e3a
394b
2c31
0000
0000
0000
0000
0000
0000
0000
0000
a665
b0ac
2d48
391c
3e0d
404b
40ce
4103
40b0
4017
3f27
3e0b
3da5
3e38
3e4c
4001
4068
3f3a
3a01
2f9f
0000
0000
0000
0000
0000
0000
0000
0000
ae34
28e0
3700
3d95
3f50
405b
4087
4056
3f02
3cd4
39a1
36df
36c7
3945
3bea
3fa9
409d
4057
3c41
345b
0000
0000
0000
0000
0000
0000
0000
a6fc
b03a
3417
3b92
3ecc
401d
4043
3fe7
3e7d
3c59
38c1
31a5
0000
0000
3614
3bac
4021
40eb
40e6
3d4f
3810
0000
0000
0000
0000
0000
0000
0000
ad17
2db0
38d5
3e1b
4023
4067
3fb6
3d73
3999
3366
2ddd
2b05
9925
aa3e
3608
3bba
4056
40f9
40f9
3d68
3860
0000
0000
0000
0000
0000
0000
0000
2832
33ba
3b70
3f3f
4036
4000
3de0
39d1
2fe6
0000
0000
9925
aaa4
b1d3
36d0
3ca8
4091
40cb
407c
3cd2
37fd
0000
0000
0000
0000
0000
0000
0000
28f6
36e2
3c9f
3ff3
4069
3fbc
3c9a
36cd
0000
0000
a469
ac3c
b1a6
21c8
3a19
3e41
4054
405b
3fb5
3c80
3732
0000
0000
0000
0000
0000
0000
0000
2f92
3877
3d7f
4027
406d
3ec0
3b5d
335c
0000
a93d
afd1
b237
2a1e
38d6
3d96
3eae
3f31
3e9c
3e2c
3b0d
34b8
0000
0000
0000
0000
0000
0000
0000
3015
3897
3cc7
3fbc
4021
3e03
3928
a594
ae9d
b2b8
b16c
32e8
3a7b
3d45
3dbb
3e15
3dd2
3dd4
3c11
36af
2604
0000
0000
0000
0000
0000
0000
0000
3026
389c
3d36
3f26
401a
3de8
38db
af04
add4
33e4
39a1
3c79
3da8
3e05
3e8b
3e31
3e10
3c95
38a1
3072
0000
0000
0000
0000
0000
0000
0000
0000
30c0
38c5
3d09
3fb8
401e
3ea9
3b96
3980
3b42
3cc6
3d6e
3e88
3ed7
3ee8
3e5a
3d8d
3b49
356b
0000
0000
0000
0000
0000
0000
0000
0000
0000
0000
3249
395e
3d49
4032
412c
40e1
3f7f
3d9a
3e2a
3ef7
3f49
3eea
3f40
3f0a
3e22
3b4e
3575
0000
0000
0000
0000
0000
0000
0000
0000
0000
0000
0000
2ffe
3953
3d15
4016
4167
420c
41be
4137
40b7
4062
4075
405b
3fc1
3de3
3b6c
36f9
2f05
0000
0000
0000
0000
0000
0000
0000
0000
0000
0000
0000
2d98
3615
3bbe
3f98
4166
427a
422d
41b8
413e
40dc
405e
3ec1
3cc6
3917
3412
0000
0000
0000
0000
0000
0000
0000
0000
0000
0000
0000
0000
0000
279f
3391
3820
3c06
3e8c
4078
40ee
40ee
4077
3f34
3d41
3a08
348b
0000
0000
0000
0000
0000
0000
0000
0000
0000
0000
0000
0000
0000
0000
0000
0000
26ce
3124
3717
3a8d
3d40
3e8d
3ea6
3d34
3aba
3590
2ca3
0000
0000
0000
0000
0000
0000
0000
0000
0000
0000
0000
0000
0000
0000
0000
0000
0000
0000
0000
0000
0000
0000
0000
0000
0000
0000
0000
0000
0000
0000
0000
0000
0000
0000
0000
0000
0000
0000
0000
0000
0000
0000
0000
0000
0000
0000
0000
0000
0000
0000
0000
0000
0000
0000
0000
0000
0000
0000
0000
0000
0000
0000
0000
0000
0000
0000
0000
0000
0000
0000
0000
0000
0000
0000
0000
0000
0000
0000
0000
0000
0000
0000
0000
0000
0000
0000
0000
0000
0000
0000
0000
0000
0000
0000
0000
0000
0000
0000
0000
0000
0000
0000
0000
0000
0000
0000
0000
0000
0000
0000
0000
0000
0000
0000
0000
0000
0000
0000
0000
0000
0000
0000
0000
0000
0000
0000
0000
0000
0000
0000
0000
0000
0000
0000
0000
0000
0000
a5ed
b048
b611
b8fa
b967
b81b
b576
b0d7
a955
0000
0000
0000
0000
0000
0000
0000
0000
0000
0000
0000
0000
0000
0000
0000
0000
0000
0000
a594
b275
b8fa
bc45
bca5
bc3d
b9cb
b60b
b143
b131
0000
0000
0000
0000
0000
0000
0000
0000
0000
0000
0000
0000
0000
0000
0000
0000
0000
a647
b276
b97a
bccb
bd8d
be0e
be11
bdec
bc20
b6ed
b10e
aa5e
9d1e
0000
0000
0000
0000
0000
0000
0000
0000
0000
0000
0000
0000
0000
9ca6
a909
b33c
b983
bd1f
beff
c041
c097
c079
bf9f
be76
bd16
b9af
b2da
ae3d
0000
0000
0000
0000
0000
0000
0000
0000
0000
0000
0000
0000
0000
ad2e
b5c9
baf0
bd5c
bfce
c0b6
c11d
c128
c147
c0ec
c006
be36
badc
b0a0
ac0e
0000
0000
0000
0000
0000
0000
0000
0000
0000
0000
0000
0000
a5ed
b494
ba71
bd2e
bf24
c058
c08e
c12a
c132
c09d
c04d
bf2a
bdb1
bc88
b95e
b379
0000
0000
0000
0000
0000
0000
0000
0000
0000
0000
0000
a594
b275
b9e0
bda6
bf63
c08b
c04b
c053
c0b6
bf76
be5f
c009
c03a
be72
bce6
bbd1
b797
a955
0000
0000
0000
0000
0000
0000
0000
0000
0000
a46a
b0f1
b8b1
bd5b
bff7
c047
bfb1
bf87
bfd6
bfac
bd45
bcfb
bfc3
c067
be2b
bd04
bca2
b807
ae8c
0000
0000
0000
0000
0000
0000
0000
0000
9a82
af6a
b7f9
bc8a
bf19
bfa6
bf03
be66
bd36
bd61
bd22
b978
b956
bd40
bf59
bdcb
bcb9
bd29
b94f
b032
0000
0000
0000
0000
0000
0000
0000
0000
a7e0
b52d
bba0
be94
bf1d
bdc3
bdb1
bc95
bb75
bc08
b7e6
2b14
ad48
bb71
befe
be88
bd3a
bd32
bb1a
b572
0000
0000
0000
0000
0000
0000
0000
0000
b036
b970
be26
bf16
be27
bd5e
bd20
ba20
b676
b4dd
abab
2526
a84d
bab4
bf04
bf10
bdd5
bd51
bba4
b7bc
0000
0000
0000
0000
0000
0000
0000
a86a
b5dd
bceb
bfcd
becb
bc7b
bc16
b95c
b521
afbb
ac28
a86a
0000
0000
ba82
bf04
bf4f
bd7f
bcf6
bbad
b7c0
0000
0000
0000
0000
0000
0000
0000
addf
b8a9
be68
bf6d
bd14
ba2b
badd
b829
ad1b
a154
a0a0
9cec
9a82
ac76
bbe2
bfa9
bee4
bcb3
bc23
bb15
b694
0000
0000
0000
0000
0000
0000
0000
af92
bafa
bf68
beee
bc16
bb6c
bade
b5d5
a18a
0000
0000
9a82
aca9
b61f
bd9b
bfe2
bdd8
bae1
bc0a
ba95
b6ab
0000
0000
0000
0000
0000
0000
0000
b31d
bc86
bf40
bdba
ba8c
bbda
b92d
b0f8
0000
0000
a594
b069
b7b1
bba5
be75
be1d
bba1
b8dd
ba1c
b84f
b11f
0000
0000
0000
0000
0000
0000
0000
b44e
bc84
beec
bd1a
baec
bc34
b98b
a8c1
0000
aa9f
b479
b9c2
bc6d
bd6d
bdae
bc1a
b9ef
b978
b9cb
b53a
a85b
0000
0000
0000
0000
0000
0000
0000
b460
bc81
bf01
bd3a
bc63
bcc6
b991
b5e6
b7d1
ba33
bc89
bd78
bda6
bd8b
bcdf
bbb3
b9c0
b807
b392
ad75
9838
0000
0000
0000
0000
0000
0000
0000
b45e
bc81
bebc
bda1
bddb
bf2b
bd6c
bc53
bd21
bd42
bd56
bd29
bd80
bd32
bb49
b83f
b63f
b261
aad1
a23d
0000
0000
0000
0000
0000
0000
0000
0000
b3f2
bc24
be79
be7a
bf0f
c033
bfd1
be31
bd89
bd87
be4b
be92
bd84
bb00
b8d3
b8a9
b4a3
a79a
0000
0000
0000
0000
0000
0000
0000
0000
0000
0000
b23c
bab1
bd65
bddd
bff9
c0a9
c0b5
c0b8
c026
bf6f
be7f
bd85
bc29
b9d9
b70d
b230
ac59
0000
0000
0000
0000
0000
0000
0000
0000
0000
0000
0000
b11c
b901
bc13
bce7
bebc
c03f
c01f
bf5e
be90
bde0
bd3d
bbac
b680
b0ea
b0f2
a926
a0ec
0000
0000
0000
0000
0000
0000
0000
0000
0000
0000
0000
acde
b613
b93f
bae7
bc31
bd98
bf2c
bf64
be68
bc33
b77f
b245
b129
abbc
a5b7
0000
0000
0000
0000
0000
0000
0000
0000
0000
0000
0000
0000
0000
a284
aecf
b24b
b78c
b9c5
ba5c
b9c5
b7ba
b2f7
b063
b125
ae2c
a660
0000
0000
0000
0000
0000
0000
0000
0000
0000
0000
0000
0000
0000
0000
0000
0000
a1d1
a975
a7a4
2c00
2c0c
2c7e
26ce
a99a
ac26
a813
9e82
0000
0000
0000
0000
0000
0000
0000
0000
0000
0000
0000
0000
0000
0000
0000
0000
0000
0000
0000
0000
0000
0000
0000
0000
0000
0000
0000
0000
0000
0000
0000
0000
0000
0000
0000
0000
0000
0000
0000
0000
0000
0000
0000
0000
0000
0000
0000
0000
0000
0000
0000
0000
0000
0000
0000
0000
0000
0000
0000
0000
0000
0000
0000
0000
0000
0000
0000
0000
0000
0000
0000
0000
0000
0000
0000
0000
0000
0000
0000
0000
0000
0000
0000
0000
0000
0000
0000
0000
0000
0000
0000
0000
0000
0000
0000
0000
0000
0000
0000
0000
0000
0000
0000
0000
0000
0000
0000
0000
0000
0000
0000
0000
0000
0000
0000
0000
0000
0000
0000
0000
0000
0000
0000
0000
0000
0000
0000
0000
0000
0000
0000
0000
0000
0000
0000
0000
0000
98c2
a4d9
aacf
acea
9efd
3029
3324
3070
2965
0000
0000
0000
0000
0000
0000
0000
0000
0000
0000
0000
0000
0000
0000
0000
0000
0000
0000
987a
2086
2fc8
3658
39e2
3bdc
3c2a
3b2a
386c
3456
0000
0000
0000
0000
0000
0000
0000
0000
0000
0000
0000
0000
0000
0000
0000
0000
0000
990a
1e4c
31d4
3911
3c2b
3ec6
3fd9
3ef4
3d00
3c32
3883
2a39
1d2e
0000
0000
0000
0000
0000
0000
0000
0000
0000
0000
0000
0000
0000
8f77
9d25
1fb0
31fa
3948
3c8c
3f5a
40cc
41c2
41c5
4048
3d92
3ac1
3512
2f22
0000
0000
0000
0000
0000
0000
0000
0000
0000
0000
0000
0000
0000
95c4
1e60
31fc
3966
3d3b
4036
421a
431e
437f
4346
41e9
402b
3e88
3a9c
350d
0000
0000
0000
0000
0000
0000
0000
0000
0000
0000
0000
0000
98c2
2d0c
36ab
3a2b
3d9d
40c6
4298
43be
4443
4408
4403
429c
40c6
3ec0
3c69
36ac
0000
0000
0000
0000
0000
0000
0000
0000
0000
0000
0000
987a
2086
3336
3a05
3d02
4073
424b
4353
443a
439a
432a
42d9
4182
4029
3fed
3ee1
39ec
2965
0000
0000
0000
0000
0000
0000
0000
0000
0000
9717
227a
3254
39ae
3cce
4085
425e
430d
4389
42b8
4161
413b
4150
414d
4070
404c
4029
3c3d
32ba
0000
0000
0000
0000
0000
0000
0000
0000
8d39
22bc
304d
3834
3cc4
405e
422b
42cf
42b6
41f5
40cf
3fc5
3f10
4054
40a6
402d
4064
407e
3d43
368d
0000
0000
0000
0000
0000
0000
0000
0000
16a0
2ef0
3815
3bbd
3efe
416b
4243
4218
4099
3f34
3dfc
3c11
3b59
3cea
3e77
3f45
4086
40f5
3e86
38a6
0000
0000
0000
0000
0000
0000
0000
0000
2710
3466
3ae9
3dbe
4095
41be
41af
402f
3dab
3c27
37aa
319e
3092
3864
3e2b
3fc9
40ce
4189
3f93
3aac
0000
0000
0000
0000
0000
0000
0000
9b17
2f19
3931
3cbc
4013
4164
4220
408e
3cab
37e7
31ef
2c1f
0000
0000
382a
3e37
402b
4143
41c6
401f
3aed
0000
0000
0000
0000
0000
0000
0000
295c
358a
3c29
3ef0
40e2
41d8
40cb
3cda
3485
28d9
27e6
1711
8d39
9ff0
37d2
3e29
403d
417c
41bf
3fbc
397a
0000
0000
0000
0000
0000
0000
0000
2ca3
381a
3cfd
4003
40ca
4178
3f1a
3856
1bf3
0000
0000
8d39
9ae0
2ab0
39b1
3e73
409a
416d
4141
3df2
3794
0000
0000
0000
0000
0000
0000
0000
2de2
3947
3e6a
4043
4103
4111
3da8
340e
0000
0000
987a
a354
2924
3605
3cae
400d
4104
4127
401a
3c81
353e
0000
0000
0000
0000
0000
0000
0000
314f
3abc
3eb6
3ff4
40b4
406c
3c67
2ba7
0000
9d51
a027
2f5c
3770
3c1e
3e90
4070
408f
3fd0
3d03
38ca
286a
0000
0000
0000
0000
0000
0000
0000
319a
3aee
3ec9
3fda
405a
406c
3c49
2e52
a441
24fd
35f7
3acc
3d4e
3efd
4016
406a
3fce
3d9d
3a6e
3194
120f
0000
0000
0000
0000
0000
0000
0000
3198
3aeb
3ed8
403a
40a5
4087
3d1b
39cd
3a20
3c26
3e1b
3f63
401a
406a
40b0
4044
3db1
393a
2db4
1c7a
0000
0000
0000
0000
0000
0000
0000
0000
31ab
3b08
3ebd
4035
4190
41bc
4094
3f64
3f92
400f
4031
4064
4097
40cb
4004
3cc2
386b
2175
0000
0000
0000
0000
0000
0000
0000
0000
0000
0000
30a4
3a0c
3eb6
4070
4197
427f
41c8
4147
40e0
40e7
4125
4162
40b5
3f64
3cc9
3905
301c
0000
0000
0000
0000
0000
0000
0000
0000
0000
0000
0000
2eef
3853
3cf1
4016
418d
427b
42cc
429e
4257
41e3
4153
407e
3f28
3c31
37e0
2c75
1b11
0000
0000
0000
0000
0000
0000
0000
0000
0000
0000
0000
2d8c
370e
3afa
3dc3
403b
4125
4164
4148
4105
40be
4005
3d55
38bc
30cb
201a
0000
0000
0000
0000
0000
0000
0000
0000
0000
0000
0000
0000
0000
26cd
33d2
3913
3b2e
3d21
3ef4
4041
40b7
4029
3dd4
397e
33e2
2093
0000
0000
0000
0000
0000
0000
0000
0000
0000
0000
0000
0000
0000
0000
0000
0000
2613
3151
37af
3a3b
3b98
3bd9
3987
36a8
31d7
2a22
18ab
0000
0000
0000
0000
0000
0000
0000
0000
0000
0000
0000
0000
0000
0000
0000
0000
0000
0000
0000
0000
0000
0000
0000
0000
0000
0000
0000
0000
0000
0000
0000
0000
0000
0000
0000
0000
0000
0000
0000
0000
0000
0000
0000
0000
0000
0000
0000
0000
0000
0000
0000
0000
0000
0000
0000
0000
0000
0000
0000
0000
0000
0000
0000
0000
0000
0000
0000
0000
0000
0000
0000
0000
0000
0000
0000
0000
0000
0000
0000
0000
0000
0000
0000
0000
0000
0000
0000
0000
0000
0000
0000
0000
0000
0000
0000
0000
0000
0000
0000
0000
0000
0000
0000
0000
0000
0000
0000
0000
0000
0000
0000
0000
0000
0000
0000
0000
0000
0000
0000
0000
0000
0000
0000
0000
0000
0000
0000
0000
0000
0000
0000
0000
0000
0000
0000
0000
0000
242a
2ba5
30b4
322b
3107
9e90
aca0
aa19
a03d
0000
0000
0000
0000
0000
0000
0000
0000
0000
0000
0000
0000
0000
0000
0000
0000
0000
0000
23d7
2c93
2fb3
31f1
2cc6
2594
2997
2120
b0e4
aa5e
0000
0000
0000
0000
0000
0000
0000
0000
0000
0000
0000
0000
0000
0000
0000
0000
0000
2469
2c78
2d40
306f
ac6a
a46c
adc0
ab80
a9a4
a52f
ae9d
a224
9412
0000
0000
0000
0000
0000
0000
0000
0000
0000
0000
0000
0000
0000
1a88
255a
2cda
2d7e
2d47
aae4
b04e
ad5f
3128
35cd
34e0
3494
a5a4
ae99
a57e
0000
0000
0000
0000
0000
0000
0000
0000
0000
0000
0000
0000
0000
2a55
2e0b
3135
2c64
af84
b16e
a9dc
316e
358c
38a3
374c
3661
3019
ae6e
aab2
0000
0000
0000
0000
0000
0000
0000
0000
0000
0000
0000
0000
242a
290c
2d60
2530
ad6e
b3d6
b05c
2b86
373e
337e
3785
3728
3818
2efc
a200
a91b
0000
0000
0000
0000
0000
0000
0000
0000
0000
0000
0000
23d7
2c93
27fc
30a4
b125
b3e8
b133
a9d2
355a
35f2
31a2
353f
35a6
38b6
373d
3280
16a0
a03d
0000
0000
0000
0000
0000
0000
0000
0000
0000
2235
2a0a
2b92
262c
ae5a
b0d8
a034
2f06
346d
35f6
3769
369b
3534
3596
37e9
3800
35fc
a67c
a8d7
0000
0000
0000
0000
0000
0000
0000
0000
1892
2a32
2b52
2cfd
ae3d
b4ed
b39f
309d
3679
36d1
3558
358f
36c4
34aa
329b
353b
3682
3511
2574
ab8c
0000
0000
0000
0000
0000
0000
0000
0000
2433
27ac
29cc
ac91
b25f
b3f0
3083
3778
3778
354b
31a2
2fdb
32ec
9d70
a65c
2e5c
3770
3558
2fba
a46c
0000
0000
0000
0000
0000
0000
0000
0000
29dc
a608
2d0f
b297
afd8
9700
3684
3887
36c7
3411
25b2
2067
2c0a
b270
a978
2190
3757
3702
33c8
2a88
0000
0000
0000
0000
0000
0000
0000
2635
2450
0800
ad2d
aa8e
a118
3661
36d7
3485
311f
2c5b
2084
0000
0000
b28c
a99e
a982
3738
3643
35c6
2c37
0000
0000
0000
0000
0000
0000
0000
2002
ab84
aa3c
aff0
2034
3353
3739
34dd
2b1c
9b44
241a
9953
1892
29ab
b1a2
2854
b0d8
35ab
3584
36d5
2e22
0000
0000
0000
0000
0000
0000
0000
a696
ad9a
ae16
9f10
31a9
369c
362f
308a
9dfd
0000
0000
1892
2948
2ccb
acae
abba
b0e4
341f
37da
3672
2fa3
0000
0000
0000
0000
0000
0000
0000
a9c6
b06f
ab14
2dbc
349d
37b8
34db
2ac2
0000
0000
23d7
2b98
2f06
2d8d
b162
b4da
b39d
35c3
3864
362b
2c94
0000
0000
0000
0000
0000
0000
0000
ac38
b0be
a488
3223
36c5
35e9
3184
1c8a
0000
28a7
2d5e
314c
2d18
af96
b507
b32f
2ede
377c
36ef
3276
9eca
0000
0000
0000
0000
0000
0000
0000
ac67
b0cd
1cc0
33b5
375d
381d
2c50
29f6
30b1
31e2
2fa1
a85c
b1a0
b389
b231
2daf
36fb
37f4
3483
2828
9490
0000
0000
0000
0000
0000
0000
0000
ac69
b0ca
a3a8
349b
36c8
3820
3264
2cbe
2c9a
aaec
ae3e
b37c
b45c
b12f
3139
3724
3621
3260
2632
9ebf
0000
0000
0000
0000
0000
0000
0000
0000
ad90
b1aa
acbc
31fd
3849
3606
2f06
a892
af76
b308
b559
b47f
257a
35ee
3777
365a
3221
a41c
0000
0000
0000
0000
0000
0000
0000
0000
0000
0000
ad36
b33e
b0ce
a110
370e
3899
30a0
ab6c
b331
b047
2d48
355c
3616
384e
369d
332b
24aa
0000
0000
0000
0000
0000
0000
0000
0000
0000
0000
0000
aa7b
b23c
b0e7
a9fe
31a7
3450
3454
31a2
3446
35c5
36df
3829
37bd
34a1
309f
2522
9d53
0000
0000
0000
0000
0000
0000
0000
0000
0000
0000
0000
a6fe
af40
b172
aa9c
3404
353d
36ae
36d3
372d
385e
37e7
357b
30a5
2c1e
a22e
0000
0000
0000
0000
0000
0000
0000
0000
0000
0000
0000
0000
0000
9f44
aaec
add3
b096
265c
3344
3685
3826
37ad
35bd
3220
2dea
a2e5
0000
0000
0000
0000
0000
0000
0000
0000
0000
0000
0000
0000
0000
0000
0000
0000
9e7c
a7f8
ac29
acde
aabe
29ac
2af0
2df6
2af0
2156
9b0a
0000
0000
0000
0000
0000
0000
0000
0000
0000
0000
0000
0000
0000
0000
0000
0000
0000
0000
0000
0000
0000
0000
0000
0000
0000
0000
0000
0000
0000
0000
0000
0000
0000
0000
0000
0000
0000
0000
0000
0000
0000
0000
0000
0000
0000
0000
0000
0000
0000
0000
0000
0000
0000
0000
0000
0000
0000
0000
0000
0000
0000
0000
0000
0000
0000
0000
0000
0000
0000
0000
0000
0000
0000
0000
0000
0000
0000
0000
0000
0000
0000
0000
0000
0000
0000
0000
0000
0000
0000
0000
0000
0000
0000
0000
0000
0000
0000
0000
0000
0000
0000
0000
0000
0000
0000
0000
0000
0000
0000
0000
0000
0000
0000
0000
0000
0000
0000
0000
0000
0000
0000
0000
0000
0000
0000
0000
0000
0000
0000
0000
0000
0000
0000
0000
0000
0000
0000
a8ce
b131
b5e9
b741
b5de
b28c
b1c2
aeca
a909
0000
0000
0000
0000
0000
0000
0000
0000
0000
0000
0000
0000
0000
0000
0000
0000
0000
0000
a886
b2dc
b74d
b975
ba27
bb0c
b899
b29a
a6b8
b102
0000
0000
0000
0000
0000
0000
0000
0000
0000
0000
0000
0000
0000
0000
0000
0000
0000
a917
b2c6
b640
b7f9
b4f1
b4e5
b201
af83
2e42
30fe
2346
a973
9cd6
0000
0000
0000
0000
0000
0000
0000
0000
0000
0000
0000
0000
0000
9f8b
aaca
b320
b656
b5cb
add0
315a
38a8
3aa4
36e6
32ac
350d
32c2
afb0
adeb
0000
0000
0000
0000
0000
0000
0000
0000
0000
0000
0000
0000
0000
afa4
b54f
b815
b597
a520
350e
3c03
3dc5
3e8f
3be8
372e
31c8
351c
2a28
aa9c
0000
0000
0000
0000
0000
0000
0000
0000
0000
0000
0000
0000
a8ce
b25d
b726
b68b
2b68
392b
3d13
3e28
3e7b
4022
3dd3
3b3a
3710
3985
35f2
2e7c
0000
0000
0000
0000
0000
0000
0000
0000
0000
0000
0000
a886
b2dc
b444
b3a8
339c
3a19
3e9c
401b
4033
400f
407c
3f40
3d17
374e
3962
382e
31a6
a909
0000
0000
0000
0000
0000
0000
0000
0000
0000
a72b
b0dd
b529
b196
2f28
39e7
3db9
4022
409f
409a
3eff
3f6c
3f8e
3d28
35fb
37f0
37b2
34c8
ae64
0000
0000
0000
0000
0000
0000
0000
0000
9d47
b04f
b4f5
b48f
35da
3b84
3e67
3f29
3fd2
402b
3ec4
3cbd
3c8a
3d54
3b88
35c4
3638
385d
36a8
9400
0000
0000
0000
0000
0000
0000
0000
0000
a950
b201
b48f
2f9c
3a5a
3e5b
3f64
3f49
3dfe
3cdc
3b97
38dc
3745
3ba4
39de
3766
37a6
3992
3871
315c
0000
0000
0000
0000
0000
0000
0000
0000
b04e
b091
a0e0
39c6
3cd6
3efa
3e59
3cb3
3968
37d1
34da
3022
2caf
3975
3987
3987
3895
3b04
38f0
3467
0000
0000
0000
0000
0000
0000
0000
ab2b
b159
a480
35a5
3b36
3cec
3dd3
3c7f
3887
33e1
2dac
28a0
0000
0000
392f
3996
3b2a
39b6
3c17
391e
35bb
0000
0000
0000
0000
0000
0000
0000
ab5c
a200
34eb
39c4
3c61
3d0e
3b81
3906
30f2
297a
232c
1ef4
9d47
aec2
3833
3922
3c8d
3abd
3c99
3952
371f
0000
0000
0000
0000
0000
0000
0000
2638
34fe
3844
3b64
3c2a
3c8a
3926
352b
23d3
0000
0000
9d47
ae8a
b4d7
3420
392d
3ca5
3bd4
3c99
39ac
3526
0000
0000
0000
0000
0000
0000
0000
2f36
3832
3a10
3b0c
3c04
3b57
3865
3057
0000
0000
a886
b13c
b5c0
b61d
3718
3b30
3d10
3c59
3c5c
3820
3097
0000
0000
0000
0000
0000
0000
0000
329c
392e
3a13
39ae
3b28
3aa3
3600
2947
0000
ad5f
b45e
b804
b70b
a1e0
39df
3d13
3d77
3cf0
398c
34a6
2975
0000
0000
0000
0000
0000
0000
0000
32f6
394d
3927
3524
382f
37b4
32be
b523
b6ba
b821
b89a
b81e
ad0f
388a
3cb9
3d4b
3c67
3912
341c
2db3
19f6
0000
0000
0000
0000
0000
0000
0000
32fe
3953
3926
34b4
3220
2c7a
b2bd
b95f
ba81
b9a8
b5e9
340a
3acb
3d3a
3d6f
3cd6
3966
3485
2d04
2468
0000
0000
0000
0000
0000
0000
0000
0000
342b
3a08
3a10
36ba
3600
30b8
aee4
b520
b1ea
34e6
3b2c
3d8c
3e7a
3e26
3ca2
38d8
3451
295e
0000
0000
0000
0000
0000
0000
0000
0000
0000
0000
346f
3b82
3cc7
3c1e
3a90
3ac4
3aa0
3af7
3c74
3da5
3f29
3f85
3e56
3c03
3878
32ab
2c88
0000
0000
0000
0000
0000
0000
0000
0000
0000
0000
0000
32d6
3ac7
3d56
3eb5
3ebe
3f37
3f62
400d
4057
4026
3f53
3d5b
3b2c
367d
3317
2b97
22f4
0000
0000
0000
0000
0000
0000
0000
0000
0000
0000
0000
2ffa
38af
3bcc
3e07
3f70
4062
40a9
4079
3fa8
3de5
3c45
3877
34c3
2dd5
2809
0000
0000
0000
0000
0000
0000
0000
0000
0000
0000
0000
0000
0000
2809
3462
38d2
3b46
3c4f
3cfe
3cce
3ca1
3b6d
38ca
3514
3008
2881
0000
0000
0000
0000
0000
0000
0000
0000
0000
0000
0000
0000
0000
0000
0000
0000
2734
314b
3692
38c7
39c8
3950
37b4
3463
3048
29f7
2098
0000
0000
0000
0000
0000
0000
0000
0000
0000
0000
0000
0000
0000
0000
0000
0000
0000
0000
0000
0000
0000
0000
0000
0000
0000
0000
0000
0000
0000
0000
0000
0000
0000
0000
0000
0000
0000
0000
0000
0000
0000
0000
0000
0000
0000
0000
0000
0000
0000
0000
0000
0000
0000
0000
0000
0000
0000
0000
0000
0000
0000
0000
0000
0000
0000
0000
0000
0000
0000
0000
0000
0000
0000
0000
0000
0000
0000
0000
0000
0000
0000
0000
0000
0000
0000
0000
0000
0000
0000
0000
0000
0000
0000
0000
0000
0000
0000
0000
0000
0000
0000
0000
0000
0000
0000
0000
0000
0000
0000
0000
0000
0000
0000
0000
0000
0000
0000
0000
0000
0000
0000
0000
0000
0000
0000
0000
0000
0000
0000
0000
0000
0000
0000
0000
0000
0000
0000
ac1a
b4d2
b9a2
bbd7
bbcc
ba80
b89a
b42c
ac16
0000
0000
0000
0000
0000
0000
0000
0000
0000
0000
0000
0000
0000
0000
0000
0000
0000
0000
abb9
b743
bc1d
bdef
becd
bfaf
be82
bcd9
ba18
b5bb
0000
0000
0000
0000
0000
0000
0000
0000
0000
0000
0000
0000
0000
0000
0000
0000
0000
ac58
b72d
bca7
becf
c0d9
c1dc
c27b
c150
c013
bcd0
b9e0
ad19
9fd8
0000
0000
0000
0000
0000
0000
0000
0000
0000
0000
0000
0000
0000
a26f
ae1a
b7a4
bca2
bf66
c180
c308
c392
c386
c249
c115
bf0d
bd81
b836
b132
0000
0000
0000
0000
0000
0000
0000
0000
0000
0000
0000
0000
0000
b2ed
b9ab
bd66
bff5
c1e2
c305
c35a
c2ce
c293
c1a5
c07d
bddd
bd3a
bae7
b5ba
0000
0000
0000
0000
0000
0000
0000
0000
0000
0000
0000
0000
ac1a
b8ce
bcc7
bfb2
c169
c280
c2aa
c2ae
c0bb
bfbb
c047
c048
bd28
bd3d
bcff
b8a2
0000
0000
0000
0000
0000
0000
0000
0000
0000
0000
0000
abb9
b743
bd35
c017
c1c9
c218
c1d6
c19b
c02f
bc4e
bae1
bea3
c029
bdf1
bc7d
bcef
b9c8
ac16
0000
0000
0000
0000
0000
0000
0000
0000
0000
aa1d
b56b
bc12
bf34
c16b
c1d8
c12c
c027
bdaa
bad3
b5ce
aefa
bbed
bdee
bd98
bb53
bc4e
ba4e
b443
0000
0000
0000
0000
0000
0000
0000
0000
a081
b482
bb50
bed0
c086
c0f7
c070
be5d
b689
a3d4
3344
392e
39b8
b0c0
bc21
be81
bc89
bd30
bb6e
b80f
0000
0000
0000
0000
0000
0000
0000
0000
ad1a
b968
bdb6
c039
c037
c03c
be4d
b783
3588
38c4
3ae5
3a90
39cd
b254
bd79
c040
be19
bdeb
bc08
b975
0000
0000
0000
0000
0000
0000
0000
0000
b529
bce8
bfe9
c052
bf9c
bdec
b827
3786
3a00
39ef
36ea
3218
32d0
ba0c
be9f
c08c
beaa
bdac
bb03
b8d2
0000
0000
0000
0000
0000
0000
0000
ae1d
ba10
be9c
c09b
bfbc
bdeb
b826
3495
3a4f
387c
353b
2eed
0000
0000
bb41
beaa
c043
bdca
bd10
b984
b665
0000
0000
0000
0000
0000
0000
0000
b23f
bc0b
bf8b
c021
bddc
bc1e
b3f5
3553
36a2
2f43
2a21
27c2
a081
b1df
bcbd
bf1d
bfac
bcf4
bbb0
b6e7
b087
0000
0000
0000
0000
0000
0000
0000
b495
bd17
c020
bf42
bd76
bb3c
b45d
341b
2c5d
0000
0000
a081
b1f8
b9f0
be1f
bf8b
bed8
bcfa
b90f
b168
2e41
0000
0000
0000
0000
0000
0000
0000
b5de
bd2d
bf49
bd8d
bbbc
b8b5
b113
339a
0000
0000
abb9
b4f9
baf3
bdad
bee1
be95
bd3e
b999
2925
34b1
3493
0000
0000
0000
0000
0000
0000
0000
b500
bcb5
bed2
bd8b
bae7
b949
b406
305f
0000
b095
b8a7
bc8b
be67
bfb1
bfb7
be67
bb80
b228
3682
36e0
315d
0000
0000
0000
0000
0000
0000
0000
b4e1
bca2
bef8
be24
bcff
bbe2
ba2e
b92e
bac9
bd1c
bed3
c015
c07b
c073
bf5f
bc02
b1f5
37ee
38fb
341c
22a7
0000
0000
0000
0000
0000
0000
0000
b4e1
bca4
bf2d
bfa9
bf94
bfdc
c014
c01b
c008
c043
c0b8
c127
c0d3
bf43
ba63
2d68
382e
3928
3501
2ceb
0000
0000
0000
0000
0000
0000
0000
0000
b376
bbd6
bf1b
c086
c0a8
c146
c1a7
c1f0
c1dd
c1b3
c1ba
c0f4
bec9
b88c
2bd4
36cc
3754
31fe
0000
0000
0000
0000
0000
0000
0000
0000
0000
0000
b028
b93a
bcb2
bfa0
c0c6
c1bd
c2bc
c344
c2af
c189
c011
bc38
b3de
3742
38d7
3869
32b8
0000
0000
0000
0000
0000
0000
0000
0000
0000
0000
0000
a8d4
b48f
b947
bc29
bce7
be03
bed5
bf62
be5e
bc12
b1dd
3864
3b24
3a9e
382a
3388
2bc2
0000
0000
0000
0000
0000
0000
0000
0000
0000
0000
0000
29cc
2cf6
a638
b230
b458
b5d4
b81c
b62e
2ce6
38fa
3c0f
3b80
391a
356c
3081
0000
0000
0000
0000
0000
0000
0000
0000
0000
0000
0000
0000
0000
2608
31b9
3555
3522
371c
39e2
3bfa
3d10
3d30
3c31
3987
36aa
3106
0000
0000
0000
0000
0000
0000
0000
0000
0000
0000
0000
0000
0000
0000
0000
0000
2562
3070
3633
3911
3abb
3bd6
3b1b
3941
36f1
320a
2921
0000
0000
0000
0000
0000
0000
0000
0000
0000
0000
0000
0000
0000
0000
0000
0000
0000
0000
0000
0000
0000
0000
0000
0000
0000
0000
0000
0000
0000
0000
0000
0000
0000
0000
0000
0000
0000
0000
0000
0000
0000
0000
0000
0000
0000
0000
0000
0000
0000
0000
0000
0000
0000
0000
0000
0000
0000
0000
0000
0000
0000
0000
0000
0000
0000
0000
0000
0000
0000
0000
0000
0000
0000
0000
0000
0000
0000
0000
0000
0000
0000
0000
0000
0000
0000
0000
0000
0000
0000
0000
0000
0000
0000
0000
0000
0000
0000
0000
0000
0000
0000
0000
0000
0000
0000
0000
0000
0000
0000
0000
0000
0000
0000
0000
0000
0000
0000
0000
0000
0000
0000
0000
0000
0000
0000
0000
